2023-02-24 16:24:02 INFO  LinkedList.c:8: Inicializando a lista
2023-02-24 16:24:02 TRACE LinkedList.c:9: INIT ->
2023-02-24 16:24:02 DEBUG LinkedList.c:12: list->first: (nil)
2023-02-24 16:24:02 DEBUG LinkedList.c:13: list->size: 0
2023-02-24 16:24:02 TRACE LinkedList.c:14: INIT <-
2023-02-24 16:24:02 INFO  LinkedList.c:19: Adicionando no final da fila
2023-02-24 16:24:02 TRACE LinkedList.c:20: ENQUEUE ->
2023-02-24 16:24:02 INFO  LinkedList.c:120: Verificando se a lista esta vazia
2023-02-24 16:24:02 TRACE LinkedList.c:121: ISEMPTY ->
2023-02-24 16:24:02 DEBUG LinkedList.c:128: list->size: 0
2023-02-24 16:24:02 TRACE LinkedList.c:129: ISEMPTY <-
2023-02-24 16:24:02 INFO  LinkedList.c:43: Dado inserido com sucesso!
2023-02-24 16:24:02 DEBUG LinkedList.c:44: no(data,next): 0x55b735132700(0x55b7351326e0,(nil))
2023-02-24 16:24:02 TRACE LinkedList.c:45: ENQUEUE <-
2023-02-24 16:24:02 INFO  LinkedList.c:19: Adicionando no final da fila
2023-02-24 16:24:02 TRACE LinkedList.c:20: ENQUEUE ->
2023-02-24 16:24:02 INFO  LinkedList.c:120: Verificando se a lista esta vazia
2023-02-24 16:24:02 TRACE LinkedList.c:121: ISEMPTY ->
2023-02-24 16:24:02 DEBUG LinkedList.c:128: list->size: 1
2023-02-24 16:24:02 TRACE LinkedList.c:129: ISEMPTY <-
2023-02-24 16:24:02 DEBUG LinkedList.c:34: (aux, aux->next): (0x55b735132700, (nil))
2023-02-24 16:24:02 DEBUG LinkedList.c:40: (aux, aux->next): (0x55b735132700, 0x55b735132740)
2023-02-24 16:24:02 INFO  LinkedList.c:43: Dado inserido com sucesso!
2023-02-24 16:24:02 DEBUG LinkedList.c:44: no(data,next): 0x55b735132740(0x55b735132720,(nil))
2023-02-24 16:24:02 TRACE LinkedList.c:45: ENQUEUE <-
2023-02-24 16:24:02 INFO  LinkedList.c:52: Removendo o primeiro dado da fila
2023-02-24 16:24:02 TRACE LinkedList.c:53: DEQUEUE ->
2023-02-24 16:24:02 INFO  LinkedList.c:120: Verificando se a lista esta vazia
2023-02-24 16:24:02 TRACE LinkedList.c:121: ISEMPTY ->
2023-02-24 16:24:02 DEBUG LinkedList.c:128: list->size: 2
2023-02-24 16:24:02 TRACE LinkedList.c:129: ISEMPTY <-
2023-02-24 16:24:02 DEBUG LinkedList.c:58: list->first: 0x55b735132700
2023-02-24 16:24:02 INFO  LinkedList.c:64: Dado removido com sucesso!
2023-02-24 16:24:02 DEBUG LinkedList.c:65: Nó removido: 0x55b735132700
2023-02-24 16:24:02 DEBUG LinkedList.c:66: data returned: 0x55b7351326e0
2023-02-24 16:24:02 TRACE LinkedList.c:67: DEQUEUE <-
2023-02-24 16:24:02 INFO  LinkedList.c:52: Removendo o primeiro dado da fila
2023-02-24 16:24:02 TRACE LinkedList.c:53: DEQUEUE ->
2023-02-24 16:24:02 INFO  LinkedList.c:120: Verificando se a lista esta vazia
2023-02-24 16:24:02 TRACE LinkedList.c:121: ISEMPTY ->
2023-02-24 16:24:02 DEBUG LinkedList.c:128: list->size: 1
2023-02-24 16:24:02 TRACE LinkedList.c:129: ISEMPTY <-
2023-02-24 16:24:02 DEBUG LinkedList.c:58: list->first: 0x55b735132740
2023-02-24 16:24:02 INFO  LinkedList.c:64: Dado removido com sucesso!
2023-02-24 16:24:02 DEBUG LinkedList.c:65: Nó removido: 0x55b735132740
2023-02-24 16:24:02 DEBUG LinkedList.c:66: data returned: 0x55b735132720
2023-02-24 16:24:02 TRACE LinkedList.c:67: DEQUEUE <-
